     Site: DESKTOP-AHQHOT1
     Build name: Win32-MSBuild
  Determine Nightly Start Time
     Specified time: 01:00:00 UTC
  Create new tag: 20211111-0100 - Nightly
     Updating the repository: E:/WORK REPORT/Hello world
  Cannot find UpdateCommand  configuration key.
  Configure project
     Each . represents 1024 bytes of output
      . Size of output: 0K
  Build project
     Each symbol represents 1024 bytes of output.
     '!' represents an error and '*' a warning.
      . Size of output: 0K
     0 Compiler errors
     0 Compiler warnings
  Performing coverage
   Cannot find any coverage files. Ignoring Coverage request.
  Memory check project E:/WORK REPORT/Hello world/Builld
  Memory checker (MemoryCheckCommand) not set, or cannot find the specified program.
  Submit files
     SubmitURL: https://my.cdash.org/submit.php?project=Hellow+World+
     Uploaded: E:/WORK REPORT/Hello world/Builld/Testing/20211111-0100/Configure.xml
     Uploaded: E:/WORK REPORT/Hello world/Builld/Testing/20211111-0100/Build.xml
     Uploaded: E:/WORK REPORT/Hello world/Builld/Testing/20211111-0100/Test.xml
     Uploaded: E:/WORK REPORT/Hello world/Builld/Testing/20211111-0100/Done.xml
     Submission successful
  Errors while running CTest
C:\Program Files (x86)\Microsoft Visual Studio\2019\Community\MSBuild\Microsoft\VC\v160\Microsoft.CppCommon.targets(241,5): error MSB8066: Custom build for 'E:\WORK REPORT\Hello world\Builld\CMakeFiles\94a79e31554413f3f5709b12bcc4b120\NightlyMemoryCheck.rule;E:\WORK REPORT\Hello world\CMakeLists.txt' exited with code 17.
